The target system is: Linux -  - arm
The host system is: Linux - 5.4.0-99-generic - x86_64
Compiling the C compiler identification source file "CMakeCCompilerId.c" succeeded.
Compiler: /home/huangshiping/hsp/workspace/sdp/SDP/qnx710/host/linux/x86_64/usr/bin/aarch64-unknown-nto-qnx7.1.0-gcc 
Build flags: 
Id flags:  

The output was:
0


Compilation of the C compiler identification source "CMakeCCompilerId.c" produced "a.out"

The C compiler identification is GNU, found in "/home/huangshiping/hsp/workspace/hello_opengl_es_fbo/build/CMakeFiles/3.10.2/CompilerIdC/a.out"

Compiling the CXX compiler identification source file "CMakeCXXCompilerId.cpp" succeeded.
Compiler: /home/huangshiping/hsp/workspace/sdp/SDP/qnx710/host/linux/x86_64/usr/bin/aarch64-unknown-nto-qnx7.1.0-g++ 
Build flags: 
Id flags:  

The output was:
0


Compilation of the CXX compiler identification source "CMakeCXXCompilerId.cpp" produced "a.out"

The CXX compiler identification is GNU, found in "/home/huangshiping/hsp/workspace/hello_opengl_es_fbo/build/CMakeFiles/3.10.2/CompilerIdCXX/a.out"

Determining if the C compiler works passed with the following output:
Change Dir: /home/huangshiping/hsp/workspace/hello_opengl_es_fbo/build/CMakeFiles/CMakeTmp

Run Build Command:"/home/huangshiping/hsp/workspace/sdp/SDP/qnx710/host/linux/x86_64/usr/bin/make" "cmTC_50763/fast"
/home/huangshiping/hsp/workspace/sdp/SDP/qnx710/host/linux/x86_64/usr/bin/make -f CMakeFiles/cmTC_50763.dir/build.make CMakeFiles/cmTC_50763.dir/build
make[1]: Entering directory '/home/huangshiping/hsp/workspace/hello_opengl_es_fbo/build/CMakeFiles/CMakeTmp'
Building C object CMakeFiles/cmTC_50763.dir/testCCompiler.c.o
/home/huangshiping/hsp/workspace/sdp/SDP/qnx710/host/linux/x86_64/usr/bin/aarch64-unknown-nto-qnx7.1.0-gcc --sysroot=/home/huangshiping/hsp/workspace/sdp/SDP/qnx710/target/qnx7/aarch64le    -o CMakeFiles/cmTC_50763.dir/testCCompiler.c.o   -c /home/huangshiping/hsp/workspace/hello_opengl_es_fbo/build/CMakeFiles/CMakeTmp/testCCompiler.c
Linking C executable cmTC_50763
/usr/bin/cmake -E cmake_link_script CMakeFiles/cmTC_50763.dir/link.txt --verbose=1
/home/huangshiping/hsp/workspace/sdp/SDP/qnx710/host/linux/x86_64/usr/bin/aarch64-unknown-nto-qnx7.1.0-gcc --sysroot=/home/huangshiping/hsp/workspace/sdp/SDP/qnx710/target/qnx7/aarch64le      CMakeFiles/cmTC_50763.dir/testCCompiler.c.o  -o cmTC_50763 
make[1]: Leaving directory '/home/huangshiping/hsp/workspace/hello_opengl_es_fbo/build/CMakeFiles/CMakeTmp'


Detecting C compiler ABI info compiled with the following output:
Change Dir: /home/huangshiping/hsp/workspace/hello_opengl_es_fbo/build/CMakeFiles/CMakeTmp

Run Build Command:"/home/huangshiping/hsp/workspace/sdp/SDP/qnx710/host/linux/x86_64/usr/bin/make" "cmTC_ac3b9/fast"
/home/huangshiping/hsp/workspace/sdp/SDP/qnx710/host/linux/x86_64/usr/bin/make -f CMakeFiles/cmTC_ac3b9.dir/build.make CMakeFiles/cmTC_ac3b9.dir/build
make[1]: Entering directory '/home/huangshiping/hsp/workspace/hello_opengl_es_fbo/build/CMakeFiles/CMakeTmp'
Building C object CMakeFiles/cmTC_ac3b9.dir/CMakeCCompilerABI.c.o
/home/huangshiping/hsp/workspace/sdp/SDP/qnx710/host/linux/x86_64/usr/bin/aarch64-unknown-nto-qnx7.1.0-gcc --sysroot=/home/huangshiping/hsp/workspace/sdp/SDP/qnx710/target/qnx7/aarch64le    -o CMakeFiles/cmTC_ac3b9.dir/CMakeCCompilerABI.c.o   -c /usr/share/cmake-3.10/Modules/CMakeCCompilerABI.c
Linking C executable cmTC_ac3b9
/usr/bin/cmake -E cmake_link_script CMakeFiles/cmTC_ac3b9.dir/link.txt --verbose=1
/home/huangshiping/hsp/workspace/sdp/SDP/qnx710/host/linux/x86_64/usr/bin/aarch64-unknown-nto-qnx7.1.0-gcc --sysroot=/home/huangshiping/hsp/workspace/sdp/SDP/qnx710/target/qnx7/aarch64le     -v CMakeFiles/cmTC_ac3b9.dir/CMakeCCompilerABI.c.o  -o cmTC_ac3b9 
Using built-in specs.
COLLECT_GCC=/home/huangshiping/hsp/workspace/sdp/SDP/qnx710/host/linux/x86_64/usr/bin/aarch64-unknown-nto-qnx7.1.0-gcc
COLLECT_LTO_WRAPPER=/home/huangshiping/hsp/workspace/sdp/SDP/qnx710/host/linux/x86_64/usr/lib/gcc/aarch64-unknown-nto-qnx7.1.0/8.3.0/lto-wrapper
Target: aarch64-unknown-nto-qnx7.1.0
Configured with: ../configure --srcdir=.. --enable-gnu-indirect-function=yes --enable-cxx-flags=-stdlib=libstdc++ --enable-cheaders=c_global --enable-initfini-array --enable-default-pie --with-as=aarch64-unknown-nto-qnx7.1.0-as --with-ld=aarch64-unknown-nto-qnx7.1.0-ld --prefix=/opt/qnx710/host/linux/x86_64/usr --libexecdir=/opt/qnx710/host/linux/x86_64/usr/lib --with-gxx-include-dir=/opt/qnx710/target/qnx7/usr/include/c++/8.3.0 --enable-threads=posix --enable-__cxa_atexit --enable-languages=c++ --with-sysroot=/opt/qnx710/target/qnx7 --target=aarch64-unknown-nto-qnx7.1.0 --disable-nls --disable-tls --disable-libssp --disable-libstdcxx-pch --enable-libgomp --enable-shared --enable-multilib --with-bugurl=http://www.qnx.com --enable-default-ssp CC=x86_64-unknown-linux-gnu-gcc CFLAGS=-m64 LDFLAGS='-Wl,-s ' CXX=x86_64-unknown-linux-gnu-g++ CXXFLAGS=-m64 AUTOMAKE=: AUTOCONF=: AUTOHEADER=: AUTORECONF=: ACLOCAL=:
Thread model: posix
gcc version 8.3.0 20190222 (stable) [qnx710 1493#54] (GCC) 
COMPILER_PATH=/home/huangshiping/hsp/workspace/sdp/SDP/qnx710/host/linux/x86_64/usr/bin/:/home/huangshiping/hsp/workspace/sdp/SDP/qnx710/host/linux/x86_64/usr/lib/gcc/aarch64-unknown-nto-qnx7.1.0/8.3.0/:/home/huangshiping/hsp/workspace/sdp/SDP/qnx710/host/linux/x86_64/usr/lib/gcc/aarch64-unknown-nto-qnx7.1.0/8.3.0/:/home/huangshiping/hsp/workspace/sdp/SDP/qnx710/host/linux/x86_64/usr/lib/gcc/aarch64-unknown-nto-qnx7.1.0/:/home/huangshiping/hsp/workspace/sdp/SDP/qnx710/host/linux/x86_64/usr/lib/gcc/aarch64-unknown-nto-qnx7.1.0/8.3.0/:/home/huangshiping/hsp/workspace/sdp/SDP/qnx710/host/linux/x86_64/usr/lib/gcc/aarch64-unknown-nto-qnx7.1.0/
LIBRARY_PATH=/home/huangshiping/hsp/workspace/sdp/SDP/qnx710/host/linux/x86_64/usr/lib/gcc/aarch64-unknown-nto-qnx7.1.0/8.3.0/:/home/huangshiping/hsp/workspace/sdp/SDP/qnx710/target/qnx7/aarch64le/lib/:/home/huangshiping/hsp/workspace/sdp/SDP/qnx710/target/qnx7/aarch64le/usr/lib/
COLLECT_GCC_OPTIONS='-v' '-o' 'cmTC_ac3b9' '-mlittle-endian' '-mabi=lp64'
 /home/huangshiping/hsp/workspace/sdp/SDP/qnx710/host/linux/x86_64/usr/lib/gcc/aarch64-unknown-nto-qnx7.1.0/8.3.0/collect2 -plugin /home/huangshiping/hsp/workspace/sdp/SDP/qnx710/host/linux/x86_64/usr/lib/gcc/aarch64-unknown-nto-qnx7.1.0/8.3.0/liblto_plugin.so -plugin-opt=/home/huangshiping/hsp/workspace/sdp/SDP/qnx710/host/linux/x86_64/usr/lib/gcc/aarch64-unknown-nto-qnx7.1.0/8.3.0/lto-wrapper -plugin-opt=-fresolution=/tmp/ccJpfGHj.res -plugin-opt=-pass-through=-lgcc -plugin-opt=-pass-through=-lgcc_s -plugin-opt=-pass-through=-lc -plugin-opt=-pass-through=-lcS -plugin-opt=-pass-through=-lgcc -plugin-opt=-pass-through=-lgcc_s --sysroot=/home/huangshiping/hsp/workspace/sdp/SDP/qnx710/target/qnx7/aarch64le --eh-frame-hdr -V --build-id=md5 --warn-shared-textrel -zrelro -znow --dynamic-linker /usr/lib/ldqnx-64.so.2 -X -EL -pie -o cmTC_ac3b9 /home/huangshiping/hsp/workspace/sdp/SDP/qnx710/target/qnx7/aarch64le/lib/crt1.o /home/huangshiping/hsp/workspace/sdp/SDP/qnx710/target/qnx7/aarch64le/lib/crti.o /home/huangshiping/hsp/workspace/sdp/SDP/qnx710/host/linux/x86_64/usr/lib/gcc/aarch64-unknown-nto-qnx7.1.0/8.3.0/crtbegin.o -L/home/huangshiping/hsp/workspace/sdp/SDP/qnx710/host/linux/x86_64/usr/lib/gcc/aarch64-unknown-nto-qnx7.1.0/8.3.0 -L/home/huangshiping/hsp/workspace/sdp/SDP/qnx710/target/qnx7/aarch64le/lib -L/home/huangshiping/hsp/workspace/sdp/SDP/qnx710/target/qnx7/aarch64le/usr/lib -L /home/huangshiping/hsp/workspace/sdp/SDP/qnx710/target/qnx7/aarch64le/lib/gcc/8.3.0 -L /home/huangshiping/hsp/workspace/sdp/SDP/qnx710/target/qnx7/aarch64le/lib -L /home/huangshiping/hsp/workspace/sdp/SDP/qnx710/target/qnx7/aarch64le/usr/lib -L /home/huangshiping/hsp/workspace/sdp/SDP/qnx710/target/qnx7/aarch64le/opt/lib -rpath-link /home/huangshiping/hsp/workspace/sdp/SDP/qnx710/target/qnx7/aarch64le/lib/gcc/8.3.0:/home/huangshiping/hsp/workspace/sdp/SDP/qnx710/target/qnx7/aarch64le/lib:/home/huangshiping/hsp/workspace/sdp/SDP/qnx710/target/qnx7/aarch64le/usr/lib:/home/huangshiping/hsp/workspace/sdp/SDP/qnx710/target/qnx7/aarch64le/opt/lib CMakeFiles/cmTC_ac3b9.dir/CMakeCCompilerABI.c.o -lgcc --as-needed -lgcc_s --no-as-needed -lc -lcS -lgcc --as-needed -lgcc_s --no-as-needed /home/huangshiping/hsp/workspace/sdp/SDP/qnx710/host/linux/x86_64/usr/lib/gcc/aarch64-unknown-nto-qnx7.1.0/8.3.0/crtend.o /home/huangshiping/hsp/workspace/sdp/SDP/qnx710/target/qnx7/aarch64le/lib/crtn.o
GNU ld (GNU Binutils) 2.32.0.20190627 [Release qnx710 r1469]
  Supported emulations:
   aarch64nto
   aarch64elf
   aarch64elf32
   aarch64elf32b
   aarch64elfb
   armelf
   armelfb
COLLECT_GCC_OPTIONS='-v' '-o' 'cmTC_ac3b9' '-mlittle-endian' '-mabi=lp64'
make[1]: Leaving directory '/home/huangshiping/hsp/workspace/hello_opengl_es_fbo/build/CMakeFiles/CMakeTmp'


Parsed C implicit link information from above output:
  link line regex: [^( *|.*[/\])(aarch64-unknown-nto-qnx7\.1\.0-ld|CMAKE_LINK_STARTFILE-NOTFOUND|([^/\]+-)?ld|collect2)[^/\]*( |$)]
  ignore line: [Change Dir: /home/huangshiping/hsp/workspace/hello_opengl_es_fbo/build/CMakeFiles/CMakeTmp]
  ignore line: []
  ignore line: [Run Build Command:"/home/huangshiping/hsp/workspace/sdp/SDP/qnx710/host/linux/x86_64/usr/bin/make" "cmTC_ac3b9/fast"]
  ignore line: [/home/huangshiping/hsp/workspace/sdp/SDP/qnx710/host/linux/x86_64/usr/bin/make -f CMakeFiles/cmTC_ac3b9.dir/build.make CMakeFiles/cmTC_ac3b9.dir/build]
  ignore line: [make[1]: Entering directory '/home/huangshiping/hsp/workspace/hello_opengl_es_fbo/build/CMakeFiles/CMakeTmp']
  ignore line: [Building C object CMakeFiles/cmTC_ac3b9.dir/CMakeCCompilerABI.c.o]
  ignore line: [/home/huangshiping/hsp/workspace/sdp/SDP/qnx710/host/linux/x86_64/usr/bin/aarch64-unknown-nto-qnx7.1.0-gcc --sysroot=/home/huangshiping/hsp/workspace/sdp/SDP/qnx710/target/qnx7/aarch64le    -o CMakeFiles/cmTC_ac3b9.dir/CMakeCCompilerABI.c.o   -c /usr/share/cmake-3.10/Modules/CMakeCCompilerABI.c]
  ignore line: [Linking C executable cmTC_ac3b9]
  ignore line: [/usr/bin/cmake -E cmake_link_script CMakeFiles/cmTC_ac3b9.dir/link.txt --verbose=1]
  ignore line: [/home/huangshiping/hsp/workspace/sdp/SDP/qnx710/host/linux/x86_64/usr/bin/aarch64-unknown-nto-qnx7.1.0-gcc --sysroot=/home/huangshiping/hsp/workspace/sdp/SDP/qnx710/target/qnx7/aarch64le     -v CMakeFiles/cmTC_ac3b9.dir/CMakeCCompilerABI.c.o  -o cmTC_ac3b9 ]
  ignore line: [Using built-in specs.]
  ignore line: [COLLECT_GCC=/home/huangshiping/hsp/workspace/sdp/SDP/qnx710/host/linux/x86_64/usr/bin/aarch64-unknown-nto-qnx7.1.0-gcc]
  ignore line: [COLLECT_LTO_WRAPPER=/home/huangshiping/hsp/workspace/sdp/SDP/qnx710/host/linux/x86_64/usr/lib/gcc/aarch64-unknown-nto-qnx7.1.0/8.3.0/lto-wrapper]
  ignore line: [Target: aarch64-unknown-nto-qnx7.1.0]
  ignore line: [Configured with: ../configure --srcdir=.. --enable-gnu-indirect-function=yes --enable-cxx-flags=-stdlib=libstdc++ --enable-cheaders=c_global --enable-initfini-array --enable-default-pie --with-as=aarch64-unknown-nto-qnx7.1.0-as --with-ld=aarch64-unknown-nto-qnx7.1.0-ld --prefix=/opt/qnx710/host/linux/x86_64/usr --libexecdir=/opt/qnx710/host/linux/x86_64/usr/lib --with-gxx-include-dir=/opt/qnx710/target/qnx7/usr/include/c++/8.3.0 --enable-threads=posix --enable-__cxa_atexit --enable-languages=c++ --with-sysroot=/opt/qnx710/target/qnx7 --target=aarch64-unknown-nto-qnx7.1.0 --disable-nls --disable-tls --disable-libssp --disable-libstdcxx-pch --enable-libgomp --enable-shared --enable-multilib --with-bugurl=http://www.qnx.com --enable-default-ssp CC=x86_64-unknown-linux-gnu-gcc CFLAGS=-m64 LDFLAGS='-Wl,-s ' CXX=x86_64-unknown-linux-gnu-g++ CXXFLAGS=-m64 AUTOMAKE=: AUTOCONF=: AUTOHEADER=: AUTORECONF=: ACLOCAL=:]
  ignore line: [Thread model: posix]
  ignore line: [gcc version 8.3.0 20190222 (stable) [qnx710 1493#54] (GCC) ]
  ignore line: [COMPILER_PATH=/home/huangshiping/hsp/workspace/sdp/SDP/qnx710/host/linux/x86_64/usr/bin/:/home/huangshiping/hsp/workspace/sdp/SDP/qnx710/host/linux/x86_64/usr/lib/gcc/aarch64-unknown-nto-qnx7.1.0/8.3.0/:/home/huangshiping/hsp/workspace/sdp/SDP/qnx710/host/linux/x86_64/usr/lib/gcc/aarch64-unknown-nto-qnx7.1.0/8.3.0/:/home/huangshiping/hsp/workspace/sdp/SDP/qnx710/host/linux/x86_64/usr/lib/gcc/aarch64-unknown-nto-qnx7.1.0/:/home/huangshiping/hsp/workspace/sdp/SDP/qnx710/host/linux/x86_64/usr/lib/gcc/aarch64-unknown-nto-qnx7.1.0/8.3.0/:/home/huangshiping/hsp/workspace/sdp/SDP/qnx710/host/linux/x86_64/usr/lib/gcc/aarch64-unknown-nto-qnx7.1.0/]
  ignore line: [LIBRARY_PATH=/home/huangshiping/hsp/workspace/sdp/SDP/qnx710/host/linux/x86_64/usr/lib/gcc/aarch64-unknown-nto-qnx7.1.0/8.3.0/:/home/huangshiping/hsp/workspace/sdp/SDP/qnx710/target/qnx7/aarch64le/lib/:/home/huangshiping/hsp/workspace/sdp/SDP/qnx710/target/qnx7/aarch64le/usr/lib/]
  ignore line: [COLLECT_GCC_OPTIONS='-v' '-o' 'cmTC_ac3b9' '-mlittle-endian' '-mabi=lp64']
  link line: [ /home/huangshiping/hsp/workspace/sdp/SDP/qnx710/host/linux/x86_64/usr/lib/gcc/aarch64-unknown-nto-qnx7.1.0/8.3.0/collect2 -plugin /home/huangshiping/hsp/workspace/sdp/SDP/qnx710/host/linux/x86_64/usr/lib/gcc/aarch64-unknown-nto-qnx7.1.0/8.3.0/liblto_plugin.so -plugin-opt=/home/huangshiping/hsp/workspace/sdp/SDP/qnx710/host/linux/x86_64/usr/lib/gcc/aarch64-unknown-nto-qnx7.1.0/8.3.0/lto-wrapper -plugin-opt=-fresolution=/tmp/ccJpfGHj.res -plugin-opt=-pass-through=-lgcc -plugin-opt=-pass-through=-lgcc_s -plugin-opt=-pass-through=-lc -plugin-opt=-pass-through=-lcS -plugin-opt=-pass-through=-lgcc -plugin-opt=-pass-through=-lgcc_s --sysroot=/home/huangshiping/hsp/workspace/sdp/SDP/qnx710/target/qnx7/aarch64le --eh-frame-hdr -V --build-id=md5 --warn-shared-textrel -zrelro -znow --dynamic-linker /usr/lib/ldqnx-64.so.2 -X -EL -pie -o cmTC_ac3b9 /home/huangshiping/hsp/workspace/sdp/SDP/qnx710/target/qnx7/aarch64le/lib/crt1.o /home/huangshiping/hsp/workspace/sdp/SDP/qnx710/target/qnx7/aarch64le/lib/crti.o /home/huangshiping/hsp/workspace/sdp/SDP/qnx710/host/linux/x86_64/usr/lib/gcc/aarch64-unknown-nto-qnx7.1.0/8.3.0/crtbegin.o -L/home/huangshiping/hsp/workspace/sdp/SDP/qnx710/host/linux/x86_64/usr/lib/gcc/aarch64-unknown-nto-qnx7.1.0/8.3.0 -L/home/huangshiping/hsp/workspace/sdp/SDP/qnx710/target/qnx7/aarch64le/lib -L/home/huangshiping/hsp/workspace/sdp/SDP/qnx710/target/qnx7/aarch64le/usr/lib -L /home/huangshiping/hsp/workspace/sdp/SDP/qnx710/target/qnx7/aarch64le/lib/gcc/8.3.0 -L /home/huangshiping/hsp/workspace/sdp/SDP/qnx710/target/qnx7/aarch64le/lib -L /home/huangshiping/hsp/workspace/sdp/SDP/qnx710/target/qnx7/aarch64le/usr/lib -L /home/huangshiping/hsp/workspace/sdp/SDP/qnx710/target/qnx7/aarch64le/opt/lib -rpath-link /home/huangshiping/hsp/workspace/sdp/SDP/qnx710/target/qnx7/aarch64le/lib/gcc/8.3.0:/home/huangshiping/hsp/workspace/sdp/SDP/qnx710/target/qnx7/aarch64le/lib:/home/huangshiping/hsp/workspace/sdp/SDP/qnx710/target/qnx7/aarch64le/usr/lib:/home/huangshiping/hsp/workspace/sdp/SDP/qnx710/target/qnx7/aarch64le/opt/lib CMakeFiles/cmTC_ac3b9.dir/CMakeCCompilerABI.c.o -lgcc --as-needed -lgcc_s --no-as-needed -lc -lcS -lgcc --as-needed -lgcc_s --no-as-needed /home/huangshiping/hsp/workspace/sdp/SDP/qnx710/host/linux/x86_64/usr/lib/gcc/aarch64-unknown-nto-qnx7.1.0/8.3.0/crtend.o /home/huangshiping/hsp/workspace/sdp/SDP/qnx710/target/qnx7/aarch64le/lib/crtn.o]
    arg [/home/huangshiping/hsp/workspace/sdp/SDP/qnx710/host/linux/x86_64/usr/lib/gcc/aarch64-unknown-nto-qnx7.1.0/8.3.0/collect2] ==> ignore
    arg [-plugin] ==> ignore
    arg [/home/huangshiping/hsp/workspace/sdp/SDP/qnx710/host/linux/x86_64/usr/lib/gcc/aarch64-unknown-nto-qnx7.1.0/8.3.0/liblto_plugin.so] ==> ignore
    arg [-plugin-opt=/home/huangshiping/hsp/workspace/sdp/SDP/qnx710/host/linux/x86_64/usr/lib/gcc/aarch64-unknown-nto-qnx7.1.0/8.3.0/lto-wrapper] ==> ignore
    arg [-plugin-opt=-fresolution=/tmp/ccJpfGHj.res] ==> ignore
    arg [-plugin-opt=-pass-through=-lgcc] ==> ignore
    arg [-plugin-opt=-pass-through=-lgcc_s] ==> ignore
    arg [-plugin-opt=-pass-through=-lc] ==> ignore
    arg [-plugin-opt=-pass-through=-lcS] ==> ignore
    arg [-plugin-opt=-pass-through=-lgcc] ==> ignore
    arg [-plugin-opt=-pass-through=-lgcc_s] ==> ignore
    arg [--sysroot=/home/huangshiping/hsp/workspace/sdp/SDP/qnx710/target/qnx7/aarch64le] ==> ignore
    arg [--eh-frame-hdr] ==> ignore
    arg [-V] ==> ignore
    arg [--build-id=md5] ==> ignore
    arg [--warn-shared-textrel] ==> ignore
    arg [-zrelro] ==> ignore
    arg [-znow] ==> ignore
    arg [--dynamic-linker] ==> ignore
    arg [/usr/lib/ldqnx-64.so.2] ==> ignore
    arg [-X] ==> ignore
    arg [-EL] ==> ignore
    arg [-pie] ==> ignore
    arg [-o] ==> ignore
    arg [cmTC_ac3b9] ==> ignore
    arg [/home/huangshiping/hsp/workspace/sdp/SDP/qnx710/target/qnx7/aarch64le/lib/crt1.o] ==> ignore
    arg [/home/huangshiping/hsp/workspace/sdp/SDP/qnx710/target/qnx7/aarch64le/lib/crti.o] ==> ignore
    arg [/home/huangshiping/hsp/workspace/sdp/SDP/qnx710/host/linux/x86_64/usr/lib/gcc/aarch64-unknown-nto-qnx7.1.0/8.3.0/crtbegin.o] ==> ignore
    arg [-L/home/huangshiping/hsp/workspace/sdp/SDP/qnx710/host/linux/x86_64/usr/lib/gcc/aarch64-unknown-nto-qnx7.1.0/8.3.0] ==> dir [/home/huangshiping/hsp/workspace/sdp/SDP/qnx710/host/linux/x86_64/usr/lib/gcc/aarch64-unknown-nto-qnx7.1.0/8.3.0]
    arg [-L/home/huangshiping/hsp/workspace/sdp/SDP/qnx710/target/qnx7/aarch64le/lib] ==> dir [/home/huangshiping/hsp/workspace/sdp/SDP/qnx710/target/qnx7/aarch64le/lib]
    arg [-L/home/huangshiping/hsp/workspace/sdp/SDP/qnx710/target/qnx7/aarch64le/usr/lib] ==> dir [/home/huangshiping/hsp/workspace/sdp/SDP/qnx710/target/qnx7/aarch64le/usr/lib]
    arg [-L/home/huangshiping/hsp/workspace/sdp/SDP/qnx710/target/qnx7/aarch64le/lib/gcc/8.3.0] ==> dir [/home/huangshiping/hsp/workspace/sdp/SDP/qnx710/target/qnx7/aarch64le/lib/gcc/8.3.0]
    arg [-L/home/huangshiping/hsp/workspace/sdp/SDP/qnx710/target/qnx7/aarch64le/lib] ==> dir [/home/huangshiping/hsp/workspace/sdp/SDP/qnx710/target/qnx7/aarch64le/lib]
    arg [-L/home/huangshiping/hsp/workspace/sdp/SDP/qnx710/target/qnx7/aarch64le/usr/lib] ==> dir [/home/huangshiping/hsp/workspace/sdp/SDP/qnx710/target/qnx7/aarch64le/usr/lib]
    arg [-L/home/huangshiping/hsp/workspace/sdp/SDP/qnx710/target/qnx7/aarch64le/opt/lib] ==> dir [/home/huangshiping/hsp/workspace/sdp/SDP/qnx710/target/qnx7/aarch64le/opt/lib]
    arg [-rpath-link] ==> ignore
    arg [/home/huangshiping/hsp/workspace/sdp/SDP/qnx710/target/qnx7/aarch64le/lib/gcc/8.3.0:/home/huangshiping/hsp/workspace/sdp/SDP/qnx710/target/qnx7/aarch64le/lib:/home/huangshiping/hsp/workspace/sdp/SDP/qnx710/target/qnx7/aarch64le/usr/lib:/home/huangshiping/hsp/workspace/sdp/SDP/qnx710/target/qnx7/aarch64le/opt/lib] ==> ignore
    arg [CMakeFiles/cmTC_ac3b9.dir/CMakeCCompilerABI.c.o] ==> ignore
    arg [-lgcc] ==> lib [gcc]
    arg [--as-needed] ==> ignore
    arg [-lgcc_s] ==> lib [gcc_s]
    arg [--no-as-needed] ==> ignore
    arg [-lc] ==> lib [c]
    arg [-lcS] ==> lib [cS]
    arg [-lgcc] ==> lib [gcc]
    arg [--as-needed] ==> ignore
    arg [-lgcc_s] ==> lib [gcc_s]
    arg [--no-as-needed] ==> ignore
    arg [/home/huangshiping/hsp/workspace/sdp/SDP/qnx710/host/linux/x86_64/usr/lib/gcc/aarch64-unknown-nto-qnx7.1.0/8.3.0/crtend.o] ==> ignore
    arg [/home/huangshiping/hsp/workspace/sdp/SDP/qnx710/target/qnx7/aarch64le/lib/crtn.o] ==> ignore
  collapse library dir [/home/huangshiping/hsp/workspace/sdp/SDP/qnx710/host/linux/x86_64/usr/lib/gcc/aarch64-unknown-nto-qnx7.1.0/8.3.0] ==> [/home/huangshiping/hsp/workspace/sdp/SDP/qnx710/host/linux/x86_64/usr/lib/gcc/aarch64-unknown-nto-qnx7.1.0/8.3.0]
  collapse library dir [/home/huangshiping/hsp/workspace/sdp/SDP/qnx710/target/qnx7/aarch64le/lib] ==> [/home/huangshiping/hsp/workspace/sdp/SDP/qnx710/target/qnx7/aarch64le/lib]
  collapse library dir [/home/huangshiping/hsp/workspace/sdp/SDP/qnx710/target/qnx7/aarch64le/usr/lib] ==> [/home/huangshiping/hsp/workspace/sdp/SDP/qnx710/target/qnx7/aarch64le/usr/lib]
  collapse library dir [/home/huangshiping/hsp/workspace/sdp/SDP/qnx710/target/qnx7/aarch64le/lib/gcc/8.3.0] ==> [/home/huangshiping/hsp/workspace/sdp/SDP/qnx710/target/qnx7/aarch64le/lib/gcc/8.3.0]
  collapse library dir [/home/huangshiping/hsp/workspace/sdp/SDP/qnx710/target/qnx7/aarch64le/lib] ==> [/home/huangshiping/hsp/workspace/sdp/SDP/qnx710/target/qnx7/aarch64le/lib]
  collapse library dir [/home/huangshiping/hsp/workspace/sdp/SDP/qnx710/target/qnx7/aarch64le/usr/lib] ==> [/home/huangshiping/hsp/workspace/sdp/SDP/qnx710/target/qnx7/aarch64le/usr/lib]
  collapse library dir [/home/huangshiping/hsp/workspace/sdp/SDP/qnx710/target/qnx7/aarch64le/opt/lib] ==> [/home/huangshiping/hsp/workspace/sdp/SDP/qnx710/target/qnx7/aarch64le/opt/lib]
  implicit libs: [gcc;gcc_s;c;cS;gcc;gcc_s]
  implicit dirs: [/home/huangshiping/hsp/workspace/sdp/SDP/qnx710/host/linux/x86_64/usr/lib/gcc/aarch64-unknown-nto-qnx7.1.0/8.3.0;/home/huangshiping/hsp/workspace/sdp/SDP/qnx710/target/qnx7/aarch64le/lib;/home/huangshiping/hsp/workspace/sdp/SDP/qnx710/target/qnx7/aarch64le/usr/lib;/home/huangshiping/hsp/workspace/sdp/SDP/qnx710/target/qnx7/aarch64le/lib/gcc/8.3.0;/home/huangshiping/hsp/workspace/sdp/SDP/qnx710/target/qnx7/aarch64le/opt/lib]
  implicit fwks: []




Detecting C [-std=c11] compiler features compiled with the following output:
Change Dir: /home/huangshiping/hsp/workspace/hello_opengl_es_fbo/build/CMakeFiles/CMakeTmp

Run Build Command:"/home/huangshiping/hsp/workspace/sdp/SDP/qnx710/host/linux/x86_64/usr/bin/make" "cmTC_b6b24/fast"
/home/huangshiping/hsp/workspace/sdp/SDP/qnx710/host/linux/x86_64/usr/bin/make -f CMakeFiles/cmTC_b6b24.dir/build.make CMakeFiles/cmTC_b6b24.dir/build
make[1]: Entering directory '/home/huangshiping/hsp/workspace/hello_opengl_es_fbo/build/CMakeFiles/CMakeTmp'
Building C object CMakeFiles/cmTC_b6b24.dir/feature_tests.c.o
/home/huangshiping/hsp/workspace/sdp/SDP/qnx710/host/linux/x86_64/usr/bin/aarch64-unknown-nto-qnx7.1.0-gcc --sysroot=/home/huangshiping/hsp/workspace/sdp/SDP/qnx710/target/qnx7/aarch64le   -std=c11 -o CMakeFiles/cmTC_b6b24.dir/feature_tests.c.o   -c /home/huangshiping/hsp/workspace/hello_opengl_es_fbo/build/CMakeFiles/feature_tests.c
Linking C executable cmTC_b6b24
/usr/bin/cmake -E cmake_link_script CMakeFiles/cmTC_b6b24.dir/link.txt --verbose=1
/home/huangshiping/hsp/workspace/sdp/SDP/qnx710/host/linux/x86_64/usr/bin/aarch64-unknown-nto-qnx7.1.0-gcc --sysroot=/home/huangshiping/hsp/workspace/sdp/SDP/qnx710/target/qnx7/aarch64le      CMakeFiles/cmTC_b6b24.dir/feature_tests.c.o  -o cmTC_b6b24 
make[1]: Leaving directory '/home/huangshiping/hsp/workspace/hello_opengl_es_fbo/build/CMakeFiles/CMakeTmp'


    Feature record: C_FEATURE:1c_function_prototypes
    Feature record: C_FEATURE:1c_restrict
    Feature record: C_FEATURE:1c_static_assert
    Feature record: C_FEATURE:1c_variadic_macros


Detecting C [-std=c99] compiler features compiled with the following output:
Change Dir: /home/huangshiping/hsp/workspace/hello_opengl_es_fbo/build/CMakeFiles/CMakeTmp

Run Build Command:"/home/huangshiping/hsp/workspace/sdp/SDP/qnx710/host/linux/x86_64/usr/bin/make" "cmTC_678f4/fast"
/home/huangshiping/hsp/workspace/sdp/SDP/qnx710/host/linux/x86_64/usr/bin/make -f CMakeFiles/cmTC_678f4.dir/build.make CMakeFiles/cmTC_678f4.dir/build
make[1]: Entering directory '/home/huangshiping/hsp/workspace/hello_opengl_es_fbo/build/CMakeFiles/CMakeTmp'
Building C object CMakeFiles/cmTC_678f4.dir/feature_tests.c.o
/home/huangshiping/hsp/workspace/sdp/SDP/qnx710/host/linux/x86_64/usr/bin/aarch64-unknown-nto-qnx7.1.0-gcc --sysroot=/home/huangshiping/hsp/workspace/sdp/SDP/qnx710/target/qnx7/aarch64le   -std=c99 -o CMakeFiles/cmTC_678f4.dir/feature_tests.c.o   -c /home/huangshiping/hsp/workspace/hello_opengl_es_fbo/build/CMakeFiles/feature_tests.c
Linking C executable cmTC_678f4
/usr/bin/cmake -E cmake_link_script CMakeFiles/cmTC_678f4.dir/link.txt --verbose=1
/home/huangshiping/hsp/workspace/sdp/SDP/qnx710/host/linux/x86_64/usr/bin/aarch64-unknown-nto-qnx7.1.0-gcc --sysroot=/home/huangshiping/hsp/workspace/sdp/SDP/qnx710/target/qnx7/aarch64le      CMakeFiles/cmTC_678f4.dir/feature_tests.c.o  -o cmTC_678f4 
make[1]: Leaving directory '/home/huangshiping/hsp/workspace/hello_opengl_es_fbo/build/CMakeFiles/CMakeTmp'


    Feature record: C_FEATURE:1c_function_prototypes
    Feature record: C_FEATURE:1c_restrict
    Feature record: C_FEATURE:0c_static_assert
    Feature record: C_FEATURE:1c_variadic_macros


Detecting C [-std=c90] compiler features compiled with the following output:
Change Dir: /home/huangshiping/hsp/workspace/hello_opengl_es_fbo/build/CMakeFiles/CMakeTmp

Run Build Command:"/home/huangshiping/hsp/workspace/sdp/SDP/qnx710/host/linux/x86_64/usr/bin/make" "cmTC_8d291/fast"
/home/huangshiping/hsp/workspace/sdp/SDP/qnx710/host/linux/x86_64/usr/bin/make -f CMakeFiles/cmTC_8d291.dir/build.make CMakeFiles/cmTC_8d291.dir/build
make[1]: Entering directory '/home/huangshiping/hsp/workspace/hello_opengl_es_fbo/build/CMakeFiles/CMakeTmp'
Building C object CMakeFiles/cmTC_8d291.dir/feature_tests.c.o
/home/huangshiping/hsp/workspace/sdp/SDP/qnx710/host/linux/x86_64/usr/bin/aarch64-unknown-nto-qnx7.1.0-gcc --sysroot=/home/huangshiping/hsp/workspace/sdp/SDP/qnx710/target/qnx7/aarch64le   -std=c90 -o CMakeFiles/cmTC_8d291.dir/feature_tests.c.o   -c /home/huangshiping/hsp/workspace/hello_opengl_es_fbo/build/CMakeFiles/feature_tests.c
Linking C executable cmTC_8d291
/usr/bin/cmake -E cmake_link_script CMakeFiles/cmTC_8d291.dir/link.txt --verbose=1
/home/huangshiping/hsp/workspace/sdp/SDP/qnx710/host/linux/x86_64/usr/bin/aarch64-unknown-nto-qnx7.1.0-gcc --sysroot=/home/huangshiping/hsp/workspace/sdp/SDP/qnx710/target/qnx7/aarch64le      CMakeFiles/cmTC_8d291.dir/feature_tests.c.o  -o cmTC_8d291 
make[1]: Leaving directory '/home/huangshiping/hsp/workspace/hello_opengl_es_fbo/build/CMakeFiles/CMakeTmp'


    Feature record: C_FEATURE:1c_function_prototypes
    Feature record: C_FEATURE:0c_restrict
    Feature record: C_FEATURE:0c_static_assert
    Feature record: C_FEATURE:0c_variadic_macros
Determining if the CXX compiler works passed with the following output:
Change Dir: /home/huangshiping/hsp/workspace/hello_opengl_es_fbo/build/CMakeFiles/CMakeTmp

Run Build Command:"/home/huangshiping/hsp/workspace/sdp/SDP/qnx710/host/linux/x86_64/usr/bin/make" "cmTC_97ca5/fast"
/home/huangshiping/hsp/workspace/sdp/SDP/qnx710/host/linux/x86_64/usr/bin/make -f CMakeFiles/cmTC_97ca5.dir/build.make CMakeFiles/cmTC_97ca5.dir/build
make[1]: Entering directory '/home/huangshiping/hsp/workspace/hello_opengl_es_fbo/build/CMakeFiles/CMakeTmp'
Building CXX object CMakeFiles/cmTC_97ca5.dir/testCXXCompiler.cxx.o
/home/huangshiping/hsp/workspace/sdp/SDP/qnx710/host/linux/x86_64/usr/bin/aarch64-unknown-nto-qnx7.1.0-g++ --sysroot=/home/huangshiping/hsp/workspace/sdp/SDP/qnx710/target/qnx7/aarch64le     -o CMakeFiles/cmTC_97ca5.dir/testCXXCompiler.cxx.o -c /home/huangshiping/hsp/workspace/hello_opengl_es_fbo/build/CMakeFiles/CMakeTmp/testCXXCompiler.cxx
Linking CXX executable cmTC_97ca5
/usr/bin/cmake -E cmake_link_script CMakeFiles/cmTC_97ca5.dir/link.txt --verbose=1
/home/huangshiping/hsp/workspace/sdp/SDP/qnx710/host/linux/x86_64/usr/bin/aarch64-unknown-nto-qnx7.1.0-g++ --sysroot=/home/huangshiping/hsp/workspace/sdp/SDP/qnx710/target/qnx7/aarch64le       CMakeFiles/cmTC_97ca5.dir/testCXXCompiler.cxx.o  -o cmTC_97ca5 
make[1]: Leaving directory '/home/huangshiping/hsp/workspace/hello_opengl_es_fbo/build/CMakeFiles/CMakeTmp'


Detecting CXX compiler ABI info compiled with the following output:
Change Dir: /home/huangshiping/hsp/workspace/hello_opengl_es_fbo/build/CMakeFiles/CMakeTmp

Run Build Command:"/home/huangshiping/hsp/workspace/sdp/SDP/qnx710/host/linux/x86_64/usr/bin/make" "cmTC_8add6/fast"
/home/huangshiping/hsp/workspace/sdp/SDP/qnx710/host/linux/x86_64/usr/bin/make -f CMakeFiles/cmTC_8add6.dir/build.make CMakeFiles/cmTC_8add6.dir/build
make[1]: Entering directory '/home/huangshiping/hsp/workspace/hello_opengl_es_fbo/build/CMakeFiles/CMakeTmp'
Building CXX object CMakeFiles/cmTC_8add6.dir/CMakeCXXCompilerABI.cpp.o
/home/huangshiping/hsp/workspace/sdp/SDP/qnx710/host/linux/x86_64/usr/bin/aarch64-unknown-nto-qnx7.1.0-g++ --sysroot=/home/huangshiping/hsp/workspace/sdp/SDP/qnx710/target/qnx7/aarch64le     -o CMakeFiles/cmTC_8add6.dir/CMakeCXXCompilerABI.cpp.o -c /usr/share/cmake-3.10/Modules/CMakeCXXCompilerABI.cpp
Linking CXX executable cmTC_8add6
/usr/bin/cmake -E cmake_link_script CMakeFiles/cmTC_8add6.dir/link.txt --verbose=1
/home/huangshiping/hsp/workspace/sdp/SDP/qnx710/host/linux/x86_64/usr/bin/aarch64-unknown-nto-qnx7.1.0-g++ --sysroot=/home/huangshiping/hsp/workspace/sdp/SDP/qnx710/target/qnx7/aarch64le      -v CMakeFiles/cmTC_8add6.dir/CMakeCXXCompilerABI.cpp.o  -o cmTC_8add6 
Using built-in specs.
COLLECT_GCC=/home/huangshiping/hsp/workspace/sdp/SDP/qnx710/host/linux/x86_64/usr/bin/aarch64-unknown-nto-qnx7.1.0-g++
COLLECT_LTO_WRAPPER=/home/huangshiping/hsp/workspace/sdp/SDP/qnx710/host/linux/x86_64/usr/lib/gcc/aarch64-unknown-nto-qnx7.1.0/8.3.0/lto-wrapper
Target: aarch64-unknown-nto-qnx7.1.0
Configured with: ../configure --srcdir=.. --enable-gnu-indirect-function=yes --enable-cxx-flags=-stdlib=libstdc++ --enable-cheaders=c_global --enable-initfini-array --enable-default-pie --with-as=aarch64-unknown-nto-qnx7.1.0-as --with-ld=aarch64-unknown-nto-qnx7.1.0-ld --prefix=/opt/qnx710/host/linux/x86_64/usr --libexecdir=/opt/qnx710/host/linux/x86_64/usr/lib --with-gxx-include-dir=/opt/qnx710/target/qnx7/usr/include/c++/8.3.0 --enable-threads=posix --enable-__cxa_atexit --enable-languages=c++ --with-sysroot=/opt/qnx710/target/qnx7 --target=aarch64-unknown-nto-qnx7.1.0 --disable-nls --disable-tls --disable-libssp --disable-libstdcxx-pch --enable-libgomp --enable-shared --enable-multilib --with-bugurl=http://www.qnx.com --enable-default-ssp CC=x86_64-unknown-linux-gnu-gcc CFLAGS=-m64 LDFLAGS='-Wl,-s ' CXX=x86_64-unknown-linux-gnu-g++ CXXFLAGS=-m64 AUTOMAKE=: AUTOCONF=: AUTOHEADER=: AUTORECONF=: ACLOCAL=:
Thread model: posix
gcc version 8.3.0 20190222 (stable) [qnx710 1493#54] (GCC) 
COMPILER_PATH=/home/huangshiping/hsp/workspace/sdp/SDP/qnx710/host/linux/x86_64/usr/bin/:/home/huangshiping/hsp/workspace/sdp/SDP/qnx710/host/linux/x86_64/usr/lib/gcc/aarch64-unknown-nto-qnx7.1.0/8.3.0/:/home/huangshiping/hsp/workspace/sdp/SDP/qnx710/host/linux/x86_64/usr/lib/gcc/aarch64-unknown-nto-qnx7.1.0/8.3.0/:/home/huangshiping/hsp/workspace/sdp/SDP/qnx710/host/linux/x86_64/usr/lib/gcc/aarch64-unknown-nto-qnx7.1.0/:/home/huangshiping/hsp/workspace/sdp/SDP/qnx710/host/linux/x86_64/usr/lib/gcc/aarch64-unknown-nto-qnx7.1.0/8.3.0/:/home/huangshiping/hsp/workspace/sdp/SDP/qnx710/host/linux/x86_64/usr/lib/gcc/aarch64-unknown-nto-qnx7.1.0/
LIBRARY_PATH=/home/huangshiping/hsp/workspace/sdp/SDP/qnx710/host/linux/x86_64/usr/lib/gcc/aarch64-unknown-nto-qnx7.1.0/8.3.0/:/home/huangshiping/hsp/workspace/sdp/SDP/qnx710/target/qnx7/aarch64le/lib/:/home/huangshiping/hsp/workspace/sdp/SDP/qnx710/target/qnx7/aarch64le/usr/lib/
COLLECT_GCC_OPTIONS='-v' '-o' 'cmTC_8add6' '-shared-libgcc' '-mlittle-endian' '-mabi=lp64'
 /home/huangshiping/hsp/workspace/sdp/SDP/qnx710/host/linux/x86_64/usr/lib/gcc/aarch64-unknown-nto-qnx7.1.0/8.3.0/collect2 -plugin /home/huangshiping/hsp/workspace/sdp/SDP/qnx710/host/linux/x86_64/usr/lib/gcc/aarch64-unknown-nto-qnx7.1.0/8.3.0/liblto_plugin.so -plugin-opt=/home/huangshiping/hsp/workspace/sdp/SDP/qnx710/host/linux/x86_64/usr/lib/gcc/aarch64-unknown-nto-qnx7.1.0/8.3.0/lto-wrapper -plugin-opt=-fresolution=/tmp/cc44KmAO.res -plugin-opt=-pass-through=-lgcc_s -plugin-opt=-pass-through=-lgcc -plugin-opt=-pass-through=-lc -plugin-opt=-pass-through=-lcS -plugin-opt=-pass-through=-lgcc_s -plugin-opt=-pass-through=-lgcc --sysroot=/home/huangshiping/hsp/workspace/sdp/SDP/qnx710/target/qnx7/aarch64le --eh-frame-hdr -V --build-id=md5 --warn-shared-textrel -zrelro -znow --dynamic-linker /usr/lib/ldqnx-64.so.2 -X -EL -pie -o cmTC_8add6 /home/huangshiping/hsp/workspace/sdp/SDP/qnx710/target/qnx7/aarch64le/lib/crt1.o /home/huangshiping/hsp/workspace/sdp/SDP/qnx710/target/qnx7/aarch64le/lib/crti.o /home/huangshiping/hsp/workspace/sdp/SDP/qnx710/host/linux/x86_64/usr/lib/gcc/aarch64-unknown-nto-qnx7.1.0/8.3.0/crtbegin.o -L/home/huangshiping/hsp/workspace/sdp/SDP/qnx710/host/linux/x86_64/usr/lib/gcc/aarch64-unknown-nto-qnx7.1.0/8.3.0 -L/home/huangshiping/hsp/workspace/sdp/SDP/qnx710/target/qnx7/aarch64le/lib -L/home/huangshiping/hsp/workspace/sdp/SDP/qnx710/target/qnx7/aarch64le/usr/lib -L /home/huangshiping/hsp/workspace/sdp/SDP/qnx710/target/qnx7/aarch64le/lib/gcc/8.3.0 -L /home/huangshiping/hsp/workspace/sdp/SDP/qnx710/target/qnx7/aarch64le/lib -L /home/huangshiping/hsp/workspace/sdp/SDP/qnx710/target/qnx7/aarch64le/usr/lib -L /home/huangshiping/hsp/workspace/sdp/SDP/qnx710/target/qnx7/aarch64le/opt/lib -rpath-link /home/huangshiping/hsp/workspace/sdp/SDP/qnx710/target/qnx7/aarch64le/lib/gcc/8.3.0:/home/huangshiping/hsp/workspace/sdp/SDP/qnx710/target/qnx7/aarch64le/lib:/home/huangshiping/hsp/workspace/sdp/SDP/qnx710/target/qnx7/aarch64le/usr/lib:/home/huangshiping/hsp/workspace/sdp/SDP/qnx710/target/qnx7/aarch64le/opt/lib CMakeFiles/cmTC_8add6.dir/CMakeCXXCompilerABI.cpp.o -lc++ -lm -lgcc_s -lgcc -lc -lcS -lgcc_s -lgcc /home/huangshiping/hsp/workspace/sdp/SDP/qnx710/host/linux/x86_64/usr/lib/gcc/aarch64-unknown-nto-qnx7.1.0/8.3.0/crtend.o /home/huangshiping/hsp/workspace/sdp/SDP/qnx710/target/qnx7/aarch64le/lib/crtn.o
GNU ld (GNU Binutils) 2.32.0.20190627 [Release qnx710 r1469]
  Supported emulations:
   aarch64nto
   aarch64elf
   aarch64elf32
   aarch64elf32b
   aarch64elfb
   armelf
   armelfb
COLLECT_GCC_OPTIONS='-v' '-o' 'cmTC_8add6' '-shared-libgcc' '-mlittle-endian' '-mabi=lp64'
make[1]: Leaving directory '/home/huangshiping/hsp/workspace/hello_opengl_es_fbo/build/CMakeFiles/CMakeTmp'


Parsed CXX implicit link information from above output:
  link line regex: [^( *|.*[/\])(aarch64-unknown-nto-qnx7\.1\.0-ld|CMAKE_LINK_STARTFILE-NOTFOUND|([^/\]+-)?ld|collect2)[^/\]*( |$)]
  ignore line: [Change Dir: /home/huangshiping/hsp/workspace/hello_opengl_es_fbo/build/CMakeFiles/CMakeTmp]
  ignore line: []
  ignore line: [Run Build Command:"/home/huangshiping/hsp/workspace/sdp/SDP/qnx710/host/linux/x86_64/usr/bin/make" "cmTC_8add6/fast"]
  ignore line: [/home/huangshiping/hsp/workspace/sdp/SDP/qnx710/host/linux/x86_64/usr/bin/make -f CMakeFiles/cmTC_8add6.dir/build.make CMakeFiles/cmTC_8add6.dir/build]
  ignore line: [make[1]: Entering directory '/home/huangshiping/hsp/workspace/hello_opengl_es_fbo/build/CMakeFiles/CMakeTmp']
  ignore line: [Building CXX object CMakeFiles/cmTC_8add6.dir/CMakeCXXCompilerABI.cpp.o]
  ignore line: [/home/huangshiping/hsp/workspace/sdp/SDP/qnx710/host/linux/x86_64/usr/bin/aarch64-unknown-nto-qnx7.1.0-g++ --sysroot=/home/huangshiping/hsp/workspace/sdp/SDP/qnx710/target/qnx7/aarch64le     -o CMakeFiles/cmTC_8add6.dir/CMakeCXXCompilerABI.cpp.o -c /usr/share/cmake-3.10/Modules/CMakeCXXCompilerABI.cpp]
  ignore line: [Linking CXX executable cmTC_8add6]
  ignore line: [/usr/bin/cmake -E cmake_link_script CMakeFiles/cmTC_8add6.dir/link.txt --verbose=1]
  ignore line: [/home/huangshiping/hsp/workspace/sdp/SDP/qnx710/host/linux/x86_64/usr/bin/aarch64-unknown-nto-qnx7.1.0-g++ --sysroot=/home/huangshiping/hsp/workspace/sdp/SDP/qnx710/target/qnx7/aarch64le      -v CMakeFiles/cmTC_8add6.dir/CMakeCXXCompilerABI.cpp.o  -o cmTC_8add6 ]
  ignore line: [Using built-in specs.]
  ignore line: [COLLECT_GCC=/home/huangshiping/hsp/workspace/sdp/SDP/qnx710/host/linux/x86_64/usr/bin/aarch64-unknown-nto-qnx7.1.0-g++]
  ignore line: [COLLECT_LTO_WRAPPER=/home/huangshiping/hsp/workspace/sdp/SDP/qnx710/host/linux/x86_64/usr/lib/gcc/aarch64-unknown-nto-qnx7.1.0/8.3.0/lto-wrapper]
  ignore line: [Target: aarch64-unknown-nto-qnx7.1.0]
  ignore line: [Configured with: ../configure --srcdir=.. --enable-gnu-indirect-function=yes --enable-cxx-flags=-stdlib=libstdc++ --enable-cheaders=c_global --enable-initfini-array --enable-default-pie --with-as=aarch64-unknown-nto-qnx7.1.0-as --with-ld=aarch64-unknown-nto-qnx7.1.0-ld --prefix=/opt/qnx710/host/linux/x86_64/usr --libexecdir=/opt/qnx710/host/linux/x86_64/usr/lib --with-gxx-include-dir=/opt/qnx710/target/qnx7/usr/include/c++/8.3.0 --enable-threads=posix --enable-__cxa_atexit --enable-languages=c++ --with-sysroot=/opt/qnx710/target/qnx7 --target=aarch64-unknown-nto-qnx7.1.0 --disable-nls --disable-tls --disable-libssp --disable-libstdcxx-pch --enable-libgomp --enable-shared --enable-multilib --with-bugurl=http://www.qnx.com --enable-default-ssp CC=x86_64-unknown-linux-gnu-gcc CFLAGS=-m64 LDFLAGS='-Wl,-s ' CXX=x86_64-unknown-linux-gnu-g++ CXXFLAGS=-m64 AUTOMAKE=: AUTOCONF=: AUTOHEADER=: AUTORECONF=: ACLOCAL=:]
  ignore line: [Thread model: posix]
  ignore line: [gcc version 8.3.0 20190222 (stable) [qnx710 1493#54] (GCC) ]
  ignore line: [COMPILER_PATH=/home/huangshiping/hsp/workspace/sdp/SDP/qnx710/host/linux/x86_64/usr/bin/:/home/huangshiping/hsp/workspace/sdp/SDP/qnx710/host/linux/x86_64/usr/lib/gcc/aarch64-unknown-nto-qnx7.1.0/8.3.0/:/home/huangshiping/hsp/workspace/sdp/SDP/qnx710/host/linux/x86_64/usr/lib/gcc/aarch64-unknown-nto-qnx7.1.0/8.3.0/:/home/huangshiping/hsp/workspace/sdp/SDP/qnx710/host/linux/x86_64/usr/lib/gcc/aarch64-unknown-nto-qnx7.1.0/:/home/huangshiping/hsp/workspace/sdp/SDP/qnx710/host/linux/x86_64/usr/lib/gcc/aarch64-unknown-nto-qnx7.1.0/8.3.0/:/home/huangshiping/hsp/workspace/sdp/SDP/qnx710/host/linux/x86_64/usr/lib/gcc/aarch64-unknown-nto-qnx7.1.0/]
  ignore line: [LIBRARY_PATH=/home/huangshiping/hsp/workspace/sdp/SDP/qnx710/host/linux/x86_64/usr/lib/gcc/aarch64-unknown-nto-qnx7.1.0/8.3.0/:/home/huangshiping/hsp/workspace/sdp/SDP/qnx710/target/qnx7/aarch64le/lib/:/home/huangshiping/hsp/workspace/sdp/SDP/qnx710/target/qnx7/aarch64le/usr/lib/]
  ignore line: [COLLECT_GCC_OPTIONS='-v' '-o' 'cmTC_8add6' '-shared-libgcc' '-mlittle-endian' '-mabi=lp64']
  link line: [ /home/huangshiping/hsp/workspace/sdp/SDP/qnx710/host/linux/x86_64/usr/lib/gcc/aarch64-unknown-nto-qnx7.1.0/8.3.0/collect2 -plugin /home/huangshiping/hsp/workspace/sdp/SDP/qnx710/host/linux/x86_64/usr/lib/gcc/aarch64-unknown-nto-qnx7.1.0/8.3.0/liblto_plugin.so -plugin-opt=/home/huangshiping/hsp/workspace/sdp/SDP/qnx710/host/linux/x86_64/usr/lib/gcc/aarch64-unknown-nto-qnx7.1.0/8.3.0/lto-wrapper -plugin-opt=-fresolution=/tmp/cc44KmAO.res -plugin-opt=-pass-through=-lgcc_s -plugin-opt=-pass-through=-lgcc -plugin-opt=-pass-through=-lc -plugin-opt=-pass-through=-lcS -plugin-opt=-pass-through=-lgcc_s -plugin-opt=-pass-through=-lgcc --sysroot=/home/huangshiping/hsp/workspace/sdp/SDP/qnx710/target/qnx7/aarch64le --eh-frame-hdr -V --build-id=md5 --warn-shared-textrel -zrelro -znow --dynamic-linker /usr/lib/ldqnx-64.so.2 -X -EL -pie -o cmTC_8add6 /home/huangshiping/hsp/workspace/sdp/SDP/qnx710/target/qnx7/aarch64le/lib/crt1.o /home/huangshiping/hsp/workspace/sdp/SDP/qnx710/target/qnx7/aarch64le/lib/crti.o /home/huangshiping/hsp/workspace/sdp/SDP/qnx710/host/linux/x86_64/usr/lib/gcc/aarch64-unknown-nto-qnx7.1.0/8.3.0/crtbegin.o -L/home/huangshiping/hsp/workspace/sdp/SDP/qnx710/host/linux/x86_64/usr/lib/gcc/aarch64-unknown-nto-qnx7.1.0/8.3.0 -L/home/huangshiping/hsp/workspace/sdp/SDP/qnx710/target/qnx7/aarch64le/lib -L/home/huangshiping/hsp/workspace/sdp/SDP/qnx710/target/qnx7/aarch64le/usr/lib -L /home/huangshiping/hsp/workspace/sdp/SDP/qnx710/target/qnx7/aarch64le/lib/gcc/8.3.0 -L /home/huangshiping/hsp/workspace/sdp/SDP/qnx710/target/qnx7/aarch64le/lib -L /home/huangshiping/hsp/workspace/sdp/SDP/qnx710/target/qnx7/aarch64le/usr/lib -L /home/huangshiping/hsp/workspace/sdp/SDP/qnx710/target/qnx7/aarch64le/opt/lib -rpath-link /home/huangshiping/hsp/workspace/sdp/SDP/qnx710/target/qnx7/aarch64le/lib/gcc/8.3.0:/home/huangshiping/hsp/workspace/sdp/SDP/qnx710/target/qnx7/aarch64le/lib:/home/huangshiping/hsp/workspace/sdp/SDP/qnx710/target/qnx7/aarch64le/usr/lib:/home/huangshiping/hsp/workspace/sdp/SDP/qnx710/target/qnx7/aarch64le/opt/lib CMakeFiles/cmTC_8add6.dir/CMakeCXXCompilerABI.cpp.o -lc++ -lm -lgcc_s -lgcc -lc -lcS -lgcc_s -lgcc /home/huangshiping/hsp/workspace/sdp/SDP/qnx710/host/linux/x86_64/usr/lib/gcc/aarch64-unknown-nto-qnx7.1.0/8.3.0/crtend.o /home/huangshiping/hsp/workspace/sdp/SDP/qnx710/target/qnx7/aarch64le/lib/crtn.o]
    arg [/home/huangshiping/hsp/workspace/sdp/SDP/qnx710/host/linux/x86_64/usr/lib/gcc/aarch64-unknown-nto-qnx7.1.0/8.3.0/collect2] ==> ignore
    arg [-plugin] ==> ignore
    arg [/home/huangshiping/hsp/workspace/sdp/SDP/qnx710/host/linux/x86_64/usr/lib/gcc/aarch64-unknown-nto-qnx7.1.0/8.3.0/liblto_plugin.so] ==> ignore
    arg [-plugin-opt=/home/huangshiping/hsp/workspace/sdp/SDP/qnx710/host/linux/x86_64/usr/lib/gcc/aarch64-unknown-nto-qnx7.1.0/8.3.0/lto-wrapper] ==> ignore
    arg [-plugin-opt=-fresolution=/tmp/cc44KmAO.res] ==> ignore
    arg [-plugin-opt=-pass-through=-lgcc_s] ==> ignore
    arg [-plugin-opt=-pass-through=-lgcc] ==> ignore
    arg [-plugin-opt=-pass-through=-lc] ==> ignore
    arg [-plugin-opt=-pass-through=-lcS] ==> ignore
    arg [-plugin-opt=-pass-through=-lgcc_s] ==> ignore
    arg [-plugin-opt=-pass-through=-lgcc] ==> ignore
    arg [--sysroot=/home/huangshiping/hsp/workspace/sdp/SDP/qnx710/target/qnx7/aarch64le] ==> ignore
    arg [--eh-frame-hdr] ==> ignore
    arg [-V] ==> ignore
    arg [--build-id=md5] ==> ignore
    arg [--warn-shared-textrel] ==> ignore
    arg [-zrelro] ==> ignore
    arg [-znow] ==> ignore
    arg [--dynamic-linker] ==> ignore
    arg [/usr/lib/ldqnx-64.so.2] ==> ignore
    arg [-X] ==> ignore
    arg [-EL] ==> ignore
    arg [-pie] ==> ignore
    arg [-o] ==> ignore
    arg [cmTC_8add6] ==> ignore
    arg [/home/huangshiping/hsp/workspace/sdp/SDP/qnx710/target/qnx7/aarch64le/lib/crt1.o] ==> ignore
    arg [/home/huangshiping/hsp/workspace/sdp/SDP/qnx710/target/qnx7/aarch64le/lib/crti.o] ==> ignore
    arg [/home/huangshiping/hsp/workspace/sdp/SDP/qnx710/host/linux/x86_64/usr/lib/gcc/aarch64-unknown-nto-qnx7.1.0/8.3.0/crtbegin.o] ==> ignore
    arg [-L/home/huangshiping/hsp/workspace/sdp/SDP/qnx710/host/linux/x86_64/usr/lib/gcc/aarch64-unknown-nto-qnx7.1.0/8.3.0] ==> dir [/home/huangshiping/hsp/workspace/sdp/SDP/qnx710/host/linux/x86_64/usr/lib/gcc/aarch64-unknown-nto-qnx7.1.0/8.3.0]
    arg [-L/home/huangshiping/hsp/workspace/sdp/SDP/qnx710/target/qnx7/aarch64le/lib] ==> dir [/home/huangshiping/hsp/workspace/sdp/SDP/qnx710/target/qnx7/aarch64le/lib]
    arg [-L/home/huangshiping/hsp/workspace/sdp/SDP/qnx710/target/qnx7/aarch64le/usr/lib] ==> dir [/home/huangshiping/hsp/workspace/sdp/SDP/qnx710/target/qnx7/aarch64le/usr/lib]
    arg [-L/home/huangshiping/hsp/workspace/sdp/SDP/qnx710/target/qnx7/aarch64le/lib/gcc/8.3.0] ==> dir [/home/huangshiping/hsp/workspace/sdp/SDP/qnx710/target/qnx7/aarch64le/lib/gcc/8.3.0]
    arg [-L/home/huangshiping/hsp/workspace/sdp/SDP/qnx710/target/qnx7/aarch64le/lib] ==> dir [/home/huangshiping/hsp/workspace/sdp/SDP/qnx710/target/qnx7/aarch64le/lib]
    arg [-L/home/huangshiping/hsp/workspace/sdp/SDP/qnx710/target/qnx7/aarch64le/usr/lib] ==> dir [/home/huangshiping/hsp/workspace/sdp/SDP/qnx710/target/qnx7/aarch64le/usr/lib]
    arg [-L/home/huangshiping/hsp/workspace/sdp/SDP/qnx710/target/qnx7/aarch64le/opt/lib] ==> dir [/home/huangshiping/hsp/workspace/sdp/SDP/qnx710/target/qnx7/aarch64le/opt/lib]
    arg [-rpath-link] ==> ignore
    arg [/home/huangshiping/hsp/workspace/sdp/SDP/qnx710/target/qnx7/aarch64le/lib/gcc/8.3.0:/home/huangshiping/hsp/workspace/sdp/SDP/qnx710/target/qnx7/aarch64le/lib:/home/huangshiping/hsp/workspace/sdp/SDP/qnx710/target/qnx7/aarch64le/usr/lib:/home/huangshiping/hsp/workspace/sdp/SDP/qnx710/target/qnx7/aarch64le/opt/lib] ==> ignore
    arg [CMakeFiles/cmTC_8add6.dir/CMakeCXXCompilerABI.cpp.o] ==> ignore
    arg [-lc++] ==> lib [c++]
    arg [-lm] ==> lib [m]
    arg [-lgcc_s] ==> lib [gcc_s]
    arg [-lgcc] ==> lib [gcc]
    arg [-lc] ==> lib [c]
    arg [-lcS] ==> lib [cS]
    arg [-lgcc_s] ==> lib [gcc_s]
    arg [-lgcc] ==> lib [gcc]
    arg [/home/huangshiping/hsp/workspace/sdp/SDP/qnx710/host/linux/x86_64/usr/lib/gcc/aarch64-unknown-nto-qnx7.1.0/8.3.0/crtend.o] ==> ignore
    arg [/home/huangshiping/hsp/workspace/sdp/SDP/qnx710/target/qnx7/aarch64le/lib/crtn.o] ==> ignore
  collapse library dir [/home/huangshiping/hsp/workspace/sdp/SDP/qnx710/host/linux/x86_64/usr/lib/gcc/aarch64-unknown-nto-qnx7.1.0/8.3.0] ==> [/home/huangshiping/hsp/workspace/sdp/SDP/qnx710/host/linux/x86_64/usr/lib/gcc/aarch64-unknown-nto-qnx7.1.0/8.3.0]
  collapse library dir [/home/huangshiping/hsp/workspace/sdp/SDP/qnx710/target/qnx7/aarch64le/lib] ==> [/home/huangshiping/hsp/workspace/sdp/SDP/qnx710/target/qnx7/aarch64le/lib]
  collapse library dir [/home/huangshiping/hsp/workspace/sdp/SDP/qnx710/target/qnx7/aarch64le/usr/lib] ==> [/home/huangshiping/hsp/workspace/sdp/SDP/qnx710/target/qnx7/aarch64le/usr/lib]
  collapse library dir [/home/huangshiping/hsp/workspace/sdp/SDP/qnx710/target/qnx7/aarch64le/lib/gcc/8.3.0] ==> [/home/huangshiping/hsp/workspace/sdp/SDP/qnx710/target/qnx7/aarch64le/lib/gcc/8.3.0]
  collapse library dir [/home/huangshiping/hsp/workspace/sdp/SDP/qnx710/target/qnx7/aarch64le/lib] ==> [/home/huangshiping/hsp/workspace/sdp/SDP/qnx710/target/qnx7/aarch64le/lib]
  collapse library dir [/home/huangshiping/hsp/workspace/sdp/SDP/qnx710/target/qnx7/aarch64le/usr/lib] ==> [/home/huangshiping/hsp/workspace/sdp/SDP/qnx710/target/qnx7/aarch64le/usr/lib]
  collapse library dir [/home/huangshiping/hsp/workspace/sdp/SDP/qnx710/target/qnx7/aarch64le/opt/lib] ==> [/home/huangshiping/hsp/workspace/sdp/SDP/qnx710/target/qnx7/aarch64le/opt/lib]
  implicit libs: [c++;m;gcc_s;gcc;c;cS;gcc_s;gcc]
  implicit dirs: [/home/huangshiping/hsp/workspace/sdp/SDP/qnx710/host/linux/x86_64/usr/lib/gcc/aarch64-unknown-nto-qnx7.1.0/8.3.0;/home/huangshiping/hsp/workspace/sdp/SDP/qnx710/target/qnx7/aarch64le/lib;/home/huangshiping/hsp/workspace/sdp/SDP/qnx710/target/qnx7/aarch64le/usr/lib;/home/huangshiping/hsp/workspace/sdp/SDP/qnx710/target/qnx7/aarch64le/lib/gcc/8.3.0;/home/huangshiping/hsp/workspace/sdp/SDP/qnx710/target/qnx7/aarch64le/opt/lib]
  implicit fwks: []




Detecting CXX [-std=c++1z] compiler features compiled with the following output:
Change Dir: /home/huangshiping/hsp/workspace/hello_opengl_es_fbo/build/CMakeFiles/CMakeTmp

Run Build Command:"/home/huangshiping/hsp/workspace/sdp/SDP/qnx710/host/linux/x86_64/usr/bin/make" "cmTC_fb6e7/fast"
/home/huangshiping/hsp/workspace/sdp/SDP/qnx710/host/linux/x86_64/usr/bin/make -f CMakeFiles/cmTC_fb6e7.dir/build.make CMakeFiles/cmTC_fb6e7.dir/build
make[1]: Entering directory '/home/huangshiping/hsp/workspace/hello_opengl_es_fbo/build/CMakeFiles/CMakeTmp'
Building CXX object CMakeFiles/cmTC_fb6e7.dir/feature_tests.cxx.o
/home/huangshiping/hsp/workspace/sdp/SDP/qnx710/host/linux/x86_64/usr/bin/aarch64-unknown-nto-qnx7.1.0-g++ --sysroot=/home/huangshiping/hsp/workspace/sdp/SDP/qnx710/target/qnx7/aarch64le    -std=c++1z -o CMakeFiles/cmTC_fb6e7.dir/feature_tests.cxx.o -c /home/huangshiping/hsp/workspace/hello_opengl_es_fbo/build/CMakeFiles/feature_tests.cxx
Linking CXX executable cmTC_fb6e7
/usr/bin/cmake -E cmake_link_script CMakeFiles/cmTC_fb6e7.dir/link.txt --verbose=1
/home/huangshiping/hsp/workspace/sdp/SDP/qnx710/host/linux/x86_64/usr/bin/aarch64-unknown-nto-qnx7.1.0-g++ --sysroot=/home/huangshiping/hsp/workspace/sdp/SDP/qnx710/target/qnx7/aarch64le       CMakeFiles/cmTC_fb6e7.dir/feature_tests.cxx.o  -o cmTC_fb6e7 
make[1]: Leaving directory '/home/huangshiping/hsp/workspace/hello_opengl_es_fbo/build/CMakeFiles/CMakeTmp'


    Feature record: CXX_FEATURE:1cxx_aggregate_default_initializers
    Feature record: CXX_FEATURE:1cxx_alias_templates
    Feature record: CXX_FEATURE:1cxx_alignas
    Feature record: CXX_FEATURE:1cxx_alignof
    Feature record: CXX_FEATURE:1cxx_attributes
    Feature record: CXX_FEATURE:1cxx_attribute_deprecated
    Feature record: CXX_FEATURE:1cxx_auto_type
    Feature record: CXX_FEATURE:1cxx_binary_literals
    Feature record: CXX_FEATURE:1cxx_constexpr
    Feature record: CXX_FEATURE:1cxx_contextual_conversions
    Feature record: CXX_FEATURE:1cxx_decltype
    Feature record: CXX_FEATURE:1cxx_decltype_auto
    Feature record: CXX_FEATURE:1cxx_decltype_incomplete_return_types
    Feature record: CXX_FEATURE:1cxx_default_function_template_args
    Feature record: CXX_FEATURE:1cxx_defaulted_functions
    Feature record: CXX_FEATURE:1cxx_defaulted_move_initializers
    Feature record: CXX_FEATURE:1cxx_delegating_constructors
    Feature record: CXX_FEATURE:1cxx_deleted_functions
    Feature record: CXX_FEATURE:1cxx_digit_separators
    Feature record: CXX_FEATURE:1cxx_enum_forward_declarations
    Feature record: CXX_FEATURE:1cxx_explicit_conversions
    Feature record: CXX_FEATURE:1cxx_extended_friend_declarations
    Feature record: CXX_FEATURE:1cxx_extern_templates
    Feature record: CXX_FEATURE:1cxx_final
    Feature record: CXX_FEATURE:1cxx_func_identifier
    Feature record: CXX_FEATURE:1cxx_generalized_initializers
    Feature record: CXX_FEATURE:1cxx_generic_lambdas
    Feature record: CXX_FEATURE:1cxx_inheriting_constructors
    Feature record: CXX_FEATURE:1cxx_inline_namespaces
    Feature record: CXX_FEATURE:1cxx_lambdas
    Feature record: CXX_FEATURE:1cxx_lambda_init_captures
    Feature record: CXX_FEATURE:1cxx_local_type_template_args
    Feature record: CXX_FEATURE:1cxx_long_long_type
    Feature record: CXX_FEATURE:1cxx_noexcept
    Feature record: CXX_FEATURE:1cxx_nonstatic_member_init
    Feature record: CXX_FEATURE:1cxx_nullptr
    Feature record: CXX_FEATURE:1cxx_override
    Feature record: CXX_FEATURE:1cxx_range_for
    Feature record: CXX_FEATURE:1cxx_raw_string_literals
    Feature record: CXX_FEATURE:1cxx_reference_qualified_functions
    Feature record: CXX_FEATURE:1cxx_relaxed_constexpr
    Feature record: CXX_FEATURE:1cxx_return_type_deduction
    Feature record: CXX_FEATURE:1cxx_right_angle_brackets
    Feature record: CXX_FEATURE:1cxx_rvalue_references
    Feature record: CXX_FEATURE:1cxx_sizeof_member
    Feature record: CXX_FEATURE:1cxx_static_assert
    Feature record: CXX_FEATURE:1cxx_strong_enums
    Feature record: CXX_FEATURE:1cxx_template_template_parameters
    Feature record: CXX_FEATURE:1cxx_thread_local
    Feature record: CXX_FEATURE:1cxx_trailing_return_types
    Feature record: CXX_FEATURE:1cxx_unicode_literals
    Feature record: CXX_FEATURE:1cxx_uniform_initialization
    Feature record: CXX_FEATURE:1cxx_unrestricted_unions
    Feature record: CXX_FEATURE:1cxx_user_literals
    Feature record: CXX_FEATURE:1cxx_variable_templates
    Feature record: CXX_FEATURE:1cxx_variadic_macros
    Feature record: CXX_FEATURE:1cxx_variadic_templates


Detecting CXX [-std=c++14] compiler features compiled with the following output:
Change Dir: /home/huangshiping/hsp/workspace/hello_opengl_es_fbo/build/CMakeFiles/CMakeTmp

Run Build Command:"/home/huangshiping/hsp/workspace/sdp/SDP/qnx710/host/linux/x86_64/usr/bin/make" "cmTC_10447/fast"
/home/huangshiping/hsp/workspace/sdp/SDP/qnx710/host/linux/x86_64/usr/bin/make -f CMakeFiles/cmTC_10447.dir/build.make CMakeFiles/cmTC_10447.dir/build
make[1]: Entering directory '/home/huangshiping/hsp/workspace/hello_opengl_es_fbo/build/CMakeFiles/CMakeTmp'
Building CXX object CMakeFiles/cmTC_10447.dir/feature_tests.cxx.o
/home/huangshiping/hsp/workspace/sdp/SDP/qnx710/host/linux/x86_64/usr/bin/aarch64-unknown-nto-qnx7.1.0-g++ --sysroot=/home/huangshiping/hsp/workspace/sdp/SDP/qnx710/target/qnx7/aarch64le    -std=c++14 -o CMakeFiles/cmTC_10447.dir/feature_tests.cxx.o -c /home/huangshiping/hsp/workspace/hello_opengl_es_fbo/build/CMakeFiles/feature_tests.cxx
Linking CXX executable cmTC_10447
/usr/bin/cmake -E cmake_link_script CMakeFiles/cmTC_10447.dir/link.txt --verbose=1
/home/huangshiping/hsp/workspace/sdp/SDP/qnx710/host/linux/x86_64/usr/bin/aarch64-unknown-nto-qnx7.1.0-g++ --sysroot=/home/huangshiping/hsp/workspace/sdp/SDP/qnx710/target/qnx7/aarch64le       CMakeFiles/cmTC_10447.dir/feature_tests.cxx.o  -o cmTC_10447 
make[1]: Leaving directory '/home/huangshiping/hsp/workspace/hello_opengl_es_fbo/build/CMakeFiles/CMakeTmp'


    Feature record: CXX_FEATURE:1cxx_aggregate_default_initializers
    Feature record: CXX_FEATURE:1cxx_alias_templates
    Feature record: CXX_FEATURE:1cxx_alignas
    Feature record: CXX_FEATURE:1cxx_alignof
    Feature record: CXX_FEATURE:1cxx_attributes
    Feature record: CXX_FEATURE:1cxx_attribute_deprecated
    Feature record: CXX_FEATURE:1cxx_auto_type
    Feature record: CXX_FEATURE:1cxx_binary_literals
    Feature record: CXX_FEATURE:1cxx_constexpr
    Feature record: CXX_FEATURE:1cxx_contextual_conversions
    Feature record: CXX_FEATURE:1cxx_decltype
    Feature record: CXX_FEATURE:1cxx_decltype_auto
    Feature record: CXX_FEATURE:1cxx_decltype_incomplete_return_types
    Feature record: CXX_FEATURE:1cxx_default_function_template_args
    Feature record: CXX_FEATURE:1cxx_defaulted_functions
    Feature record: CXX_FEATURE:1cxx_defaulted_move_initializers
    Feature record: CXX_FEATURE:1cxx_delegating_constructors
    Feature record: CXX_FEATURE:1cxx_deleted_functions
    Feature record: CXX_FEATURE:1cxx_digit_separators
    Feature record: CXX_FEATURE:1cxx_enum_forward_declarations
    Feature record: CXX_FEATURE:1cxx_explicit_conversions
    Feature record: CXX_FEATURE:1cxx_extended_friend_declarations
    Feature record: CXX_FEATURE:1cxx_extern_templates
    Feature record: CXX_FEATURE:1cxx_final
    Feature record: CXX_FEATURE:1cxx_func_identifier
    Feature record: CXX_FEATURE:1cxx_generalized_initializers
    Feature record: CXX_FEATURE:1cxx_generic_lambdas
    Feature record: CXX_FEATURE:1cxx_inheriting_constructors
    Feature record: CXX_FEATURE:1cxx_inline_namespaces
    Feature record: CXX_FEATURE:1cxx_lambdas
    Feature record: CXX_FEATURE:1cxx_lambda_init_captures
    Feature record: CXX_FEATURE:1cxx_local_type_template_args
    Feature record: CXX_FEATURE:1cxx_long_long_type
    Feature record: CXX_FEATURE:1cxx_noexcept
    Feature record: CXX_FEATURE:1cxx_nonstatic_member_init
    Feature record: CXX_FEATURE:1cxx_nullptr
    Feature record: CXX_FEATURE:1cxx_override
    Feature record: CXX_FEATURE:1cxx_range_for
    Feature record: CXX_FEATURE:1cxx_raw_string_literals
    Feature record: CXX_FEATURE:1cxx_reference_qualified_functions
    Feature record: CXX_FEATURE:1cxx_relaxed_constexpr
    Feature record: CXX_FEATURE:1cxx_return_type_deduction
    Feature record: CXX_FEATURE:1cxx_right_angle_brackets
    Feature record: CXX_FEATURE:1cxx_rvalue_references
    Feature record: CXX_FEATURE:1cxx_sizeof_member
    Feature record: CXX_FEATURE:1cxx_static_assert
    Feature record: CXX_FEATURE:1cxx_strong_enums
    Feature record: CXX_FEATURE:1cxx_template_template_parameters
    Feature record: CXX_FEATURE:1cxx_thread_local
    Feature record: CXX_FEATURE:1cxx_trailing_return_types
    Feature record: CXX_FEATURE:1cxx_unicode_literals
    Feature record: CXX_FEATURE:1cxx_uniform_initialization
    Feature record: CXX_FEATURE:1cxx_unrestricted_unions
    Feature record: CXX_FEATURE:1cxx_user_literals
    Feature record: CXX_FEATURE:1cxx_variable_templates
    Feature record: CXX_FEATURE:1cxx_variadic_macros
    Feature record: CXX_FEATURE:1cxx_variadic_templates


Detecting CXX [-std=c++11] compiler features compiled with the following output:
Change Dir: /home/huangshiping/hsp/workspace/hello_opengl_es_fbo/build/CMakeFiles/CMakeTmp

Run Build Command:"/home/huangshiping/hsp/workspace/sdp/SDP/qnx710/host/linux/x86_64/usr/bin/make" "cmTC_84e92/fast"
/home/huangshiping/hsp/workspace/sdp/SDP/qnx710/host/linux/x86_64/usr/bin/make -f CMakeFiles/cmTC_84e92.dir/build.make CMakeFiles/cmTC_84e92.dir/build
make[1]: Entering directory '/home/huangshiping/hsp/workspace/hello_opengl_es_fbo/build/CMakeFiles/CMakeTmp'
Building CXX object CMakeFiles/cmTC_84e92.dir/feature_tests.cxx.o
/home/huangshiping/hsp/workspace/sdp/SDP/qnx710/host/linux/x86_64/usr/bin/aarch64-unknown-nto-qnx7.1.0-g++ --sysroot=/home/huangshiping/hsp/workspace/sdp/SDP/qnx710/target/qnx7/aarch64le    -std=c++11 -o CMakeFiles/cmTC_84e92.dir/feature_tests.cxx.o -c /home/huangshiping/hsp/workspace/hello_opengl_es_fbo/build/CMakeFiles/feature_tests.cxx
Linking CXX executable cmTC_84e92
/usr/bin/cmake -E cmake_link_script CMakeFiles/cmTC_84e92.dir/link.txt --verbose=1
/home/huangshiping/hsp/workspace/sdp/SDP/qnx710/host/linux/x86_64/usr/bin/aarch64-unknown-nto-qnx7.1.0-g++ --sysroot=/home/huangshiping/hsp/workspace/sdp/SDP/qnx710/target/qnx7/aarch64le       CMakeFiles/cmTC_84e92.dir/feature_tests.cxx.o  -o cmTC_84e92 
make[1]: Leaving directory '/home/huangshiping/hsp/workspace/hello_opengl_es_fbo/build/CMakeFiles/CMakeTmp'


    Feature record: CXX_FEATURE:0cxx_aggregate_default_initializers
    Feature record: CXX_FEATURE:1cxx_alias_templates
    Feature record: CXX_FEATURE:1cxx_alignas
    Feature record: CXX_FEATURE:1cxx_alignof
    Feature record: CXX_FEATURE:1cxx_attributes
    Feature record: CXX_FEATURE:0cxx_attribute_deprecated
    Feature record: CXX_FEATURE:1cxx_auto_type
    Feature record: CXX_FEATURE:0cxx_binary_literals
    Feature record: CXX_FEATURE:1cxx_constexpr
    Feature record: CXX_FEATURE:0cxx_contextual_conversions
    Feature record: CXX_FEATURE:1cxx_decltype
    Feature record: CXX_FEATURE:0cxx_decltype_auto
    Feature record: CXX_FEATURE:1cxx_decltype_incomplete_return_types
    Feature record: CXX_FEATURE:1cxx_default_function_template_args
    Feature record: CXX_FEATURE:1cxx_defaulted_functions
    Feature record: CXX_FEATURE:1cxx_defaulted_move_initializers
    Feature record: CXX_FEATURE:1cxx_delegating_constructors
    Feature record: CXX_FEATURE:1cxx_deleted_functions
    Feature record: CXX_FEATURE:0cxx_digit_separators
    Feature record: CXX_FEATURE:1cxx_enum_forward_declarations
    Feature record: CXX_FEATURE:1cxx_explicit_conversions
    Feature record: CXX_FEATURE:1cxx_extended_friend_declarations
    Feature record: CXX_FEATURE:1cxx_extern_templates
    Feature record: CXX_FEATURE:1cxx_final
    Feature record: CXX_FEATURE:1cxx_func_identifier
    Feature record: CXX_FEATURE:1cxx_generalized_initializers
    Feature record: CXX_FEATURE:0cxx_generic_lambdas
    Feature record: CXX_FEATURE:1cxx_inheriting_constructors
    Feature record: CXX_FEATURE:1cxx_inline_namespaces
    Feature record: CXX_FEATURE:1cxx_lambdas
    Feature record: CXX_FEATURE:0cxx_lambda_init_captures
    Feature record: CXX_FEATURE:1cxx_local_type_template_args
    Feature record: CXX_FEATURE:1cxx_long_long_type
    Feature record: CXX_FEATURE:1cxx_noexcept
    Feature record: CXX_FEATURE:1cxx_nonstatic_member_init
    Feature record: CXX_FEATURE:1cxx_nullptr
    Feature record: CXX_FEATURE:1cxx_override
    Feature record: CXX_FEATURE:1cxx_range_for
    Feature record: CXX_FEATURE:1cxx_raw_string_literals
    Feature record: CXX_FEATURE:1cxx_reference_qualified_functions
    Feature record: CXX_FEATURE:0cxx_relaxed_constexpr
    Feature record: CXX_FEATURE:0cxx_return_type_deduction
    Feature record: CXX_FEATURE:1cxx_right_angle_brackets
    Feature record: CXX_FEATURE:1cxx_rvalue_references
    Feature record: CXX_FEATURE:1cxx_sizeof_member
    Feature record: CXX_FEATURE:1cxx_static_assert
    Feature record: CXX_FEATURE:1cxx_strong_enums
    Feature record: CXX_FEATURE:1cxx_template_template_parameters
    Feature record: CXX_FEATURE:1cxx_thread_local
    Feature record: CXX_FEATURE:1cxx_trailing_return_types
    Feature record: CXX_FEATURE:1cxx_unicode_literals
    Feature record: CXX_FEATURE:1cxx_uniform_initialization
    Feature record: CXX_FEATURE:1cxx_unrestricted_unions
    Feature record: CXX_FEATURE:1cxx_user_literals
    Feature record: CXX_FEATURE:0cxx_variable_templates
    Feature record: CXX_FEATURE:1cxx_variadic_macros
    Feature record: CXX_FEATURE:1cxx_variadic_templates


Detecting CXX [-std=c++98] compiler features compiled with the following output:
Change Dir: /home/huangshiping/hsp/workspace/hello_opengl_es_fbo/build/CMakeFiles/CMakeTmp

Run Build Command:"/home/huangshiping/hsp/workspace/sdp/SDP/qnx710/host/linux/x86_64/usr/bin/make" "cmTC_92876/fast"
/home/huangshiping/hsp/workspace/sdp/SDP/qnx710/host/linux/x86_64/usr/bin/make -f CMakeFiles/cmTC_92876.dir/build.make CMakeFiles/cmTC_92876.dir/build
make[1]: Entering directory '/home/huangshiping/hsp/workspace/hello_opengl_es_fbo/build/CMakeFiles/CMakeTmp'
Building CXX object CMakeFiles/cmTC_92876.dir/feature_tests.cxx.o
/home/huangshiping/hsp/workspace/sdp/SDP/qnx710/host/linux/x86_64/usr/bin/aarch64-unknown-nto-qnx7.1.0-g++ --sysroot=/home/huangshiping/hsp/workspace/sdp/SDP/qnx710/target/qnx7/aarch64le    -std=c++98 -o CMakeFiles/cmTC_92876.dir/feature_tests.cxx.o -c /home/huangshiping/hsp/workspace/hello_opengl_es_fbo/build/CMakeFiles/feature_tests.cxx
Linking CXX executable cmTC_92876
/usr/bin/cmake -E cmake_link_script CMakeFiles/cmTC_92876.dir/link.txt --verbose=1
/home/huangshiping/hsp/workspace/sdp/SDP/qnx710/host/linux/x86_64/usr/bin/aarch64-unknown-nto-qnx7.1.0-g++ --sysroot=/home/huangshiping/hsp/workspace/sdp/SDP/qnx710/target/qnx7/aarch64le       CMakeFiles/cmTC_92876.dir/feature_tests.cxx.o  -o cmTC_92876 
make[1]: Leaving directory '/home/huangshiping/hsp/workspace/hello_opengl_es_fbo/build/CMakeFiles/CMakeTmp'


    Feature record: CXX_FEATURE:0cxx_aggregate_default_initializers
    Feature record: CXX_FEATURE:0cxx_alias_templates
    Feature record: CXX_FEATURE:0cxx_alignas
    Feature record: CXX_FEATURE:0cxx_alignof
    Feature record: CXX_FEATURE:0cxx_attributes
    Feature record: CXX_FEATURE:0cxx_attribute_deprecated
    Feature record: CXX_FEATURE:0cxx_auto_type
    Feature record: CXX_FEATURE:0cxx_binary_literals
    Feature record: CXX_FEATURE:0cxx_constexpr
    Feature record: CXX_FEATURE:0cxx_contextual_conversions
    Feature record: CXX_FEATURE:0cxx_decltype
    Feature record: CXX_FEATURE:0cxx_decltype_auto
    Feature record: CXX_FEATURE:0cxx_decltype_incomplete_return_types
    Feature record: CXX_FEATURE:0cxx_default_function_template_args
    Feature record: CXX_FEATURE:0cxx_defaulted_functions
    Feature record: CXX_FEATURE:0cxx_defaulted_move_initializers
    Feature record: CXX_FEATURE:0cxx_delegating_constructors
    Feature record: CXX_FEATURE:0cxx_deleted_functions
    Feature record: CXX_FEATURE:0cxx_digit_separators
    Feature record: CXX_FEATURE:0cxx_enum_forward_declarations
    Feature record: CXX_FEATURE:0cxx_explicit_conversions
    Feature record: CXX_FEATURE:0cxx_extended_friend_declarations
    Feature record: CXX_FEATURE:0cxx_extern_templates
    Feature record: CXX_FEATURE:0cxx_final
    Feature record: CXX_FEATURE:0cxx_func_identifier
    Feature record: CXX_FEATURE:0cxx_generalized_initializers
    Feature record: CXX_FEATURE:0cxx_generic_lambdas
    Feature record: CXX_FEATURE:0cxx_inheriting_constructors
    Feature record: CXX_FEATURE:0cxx_inline_namespaces
    Feature record: CXX_FEATURE:0cxx_lambdas
    Feature record: CXX_FEATURE:0cxx_lambda_init_captures
    Feature record: CXX_FEATURE:0cxx_local_type_template_args
    Feature record: CXX_FEATURE:0cxx_long_long_type
    Feature record: CXX_FEATURE:0cxx_noexcept
    Feature record: CXX_FEATURE:0cxx_nonstatic_member_init
    Feature record: CXX_FEATURE:0cxx_nullptr
    Feature record: CXX_FEATURE:0cxx_override
    Feature record: CXX_FEATURE:0cxx_range_for
    Feature record: CXX_FEATURE:0cxx_raw_string_literals
    Feature record: CXX_FEATURE:0cxx_reference_qualified_functions
    Feature record: CXX_FEATURE:0cxx_relaxed_constexpr
    Feature record: CXX_FEATURE:0cxx_return_type_deduction
    Feature record: CXX_FEATURE:0cxx_right_angle_brackets
    Feature record: CXX_FEATURE:0cxx_rvalue_references
    Feature record: CXX_FEATURE:0cxx_sizeof_member
    Feature record: CXX_FEATURE:0cxx_static_assert
    Feature record: CXX_FEATURE:0cxx_strong_enums
    Feature record: CXX_FEATURE:1cxx_template_template_parameters
    Feature record: CXX_FEATURE:0cxx_thread_local
    Feature record: CXX_FEATURE:0cxx_trailing_return_types
    Feature record: CXX_FEATURE:0cxx_unicode_literals
    Feature record: CXX_FEATURE:0cxx_uniform_initialization
    Feature record: CXX_FEATURE:0cxx_unrestricted_unions
    Feature record: CXX_FEATURE:0cxx_user_literals
    Feature record: CXX_FEATURE:0cxx_variable_templates
    Feature record: CXX_FEATURE:0cxx_variadic_macros
    Feature record: CXX_FEATURE:0cxx_variadic_templates
